<?xml version="1.0" encoding="UTF-8"?>
<testng-results ignored="1" total="2" passed="1" failed="0" skipped="0">
  <reporter-output>
  </reporter-output>
  <suite started-at="2018-11-23T07:54:31Z" name="Default suite" finished-at="2018-11-23T07:54:42Z" duration-ms="11126">
    <groups>
    </groups>
    <test started-at="2018-11-23T07:54:31Z" name="Default test" finished-at="2018-11-23T07:54:42Z" duration-ms="11126">
      <class name="com.pom.pagefactory.test.C001_GoogleSearchTest">
        <test-method is-config="true" signature="beforeMethod()[pri:0, instance:com.pom.pagefactory.test.C001_GoogleSearchTest@54e1c68b]" started-at="2018-11-23T07:54:31Z" name="beforeMethod" finished-at="2018-11-23T07:54:34Z" duration-ms="3088" status="PASS">
          <reporter-output>
          </reporter-output>
        </test-method> <!-- beforeMethod -->
        <test-method signature="TC002_GoogleSearchTest()[pri:0, instance:com.pom.pagefactory.test.C001_GoogleSearchTest@54e1c68b]" started-at="2018-11-23T07:54:34Z" name="TC002_GoogleSearchTest" description="Scenario : Searching a given text using POM_PageFactory" finished-at="2018-11-23T07:54:42Z" duration-ms="7361" status="PASS">
          <reporter-output>
          </reporter-output>
        </test-method> <!-- TC002_GoogleSearchTest -->
        <test-method is-config="true" signature="tearDown()[pri:0, instance:com.pom.pagefactory.test.C001_GoogleSearchTest@54e1c68b]" started-at="2018-11-23T07:54:42Z" name="tearDown" finished-at="2018-11-23T07:54:42Z" duration-ms="651" status="PASS">
          <reporter-output>
          </reporter-output>
        </test-method> <!-- tearDown -->
      </class> <!-- com.pom.pagefactory.test.C001_GoogleSearchTest -->
    </test> <!-- Default test -->
  </suite> <!-- Default suite -->
</testng-results>
