<?xml version="1.0" encoding="UTF-8"?>
<!-- Generated by org.testng.reporters.JUnitXMLReporter -->
<testsuite ignored="1" hostname="DESKTOP-FAA1F2L" failures="0" tests="1" name="Default test" time="11.126" errors="0" timestamp="23 Nov. 2018 07:54:43 GMT">
  <testcase classname="com.pom.pagefactory.test.C001_GoogleSearchTest" name="TC002_GoogleSearchTest" time="7.361"/>
  <testcase classname="com.pom.pagefactory.test.C001_GoogleSearchTest" name="TC001_GoogleSearchTest" time="0.0">
    <ignored/>
  </testcase> <!-- TC001_GoogleSearchTest -->
</testsuite> <!-- Default test -->
